Build started 3/18/2014 7:38:23 PM.
Project "C:\Users\Fiercy\Desktop\evoark\EvoArk.vcxproj" on node 2 (Build target(s)).
ClCompile:
  C:\Program Files (x86)\Microsoft Visual Studio 12.0\VC\bin\CL.exe /c /I"C:\Users\Fiercy\Desktop\EvoArk Strawman\EvoArk\GameStates\LevelStates" /I"C:\Users\Fiercy\Desktop\EvoArk Strawman\EvoArk\GameStates" /I"C:\Users\Fiercy\Desktop\EvoArk Strawman\EvoArk\Entities\Ships" /I"C:\Users\Fiercy\Desktop\EvoArk Strawman\EvoArk\Entities" /ZI /nologo /W3 /WX- /Od /Oy- /D WIN32 /D _DEBUG /D _WINDOWS /D _UNICODE /D UNICODE /Gm /EHsc /RTC1 /MDd /GS /fp:precise /Zc:wchar_t /Zc:forScope /Fo"Debug\\" /Fd"Debug\vc120.pdb" /Gd /TP /analyze- /errorReport:prompt Graphics\Particles\Emitter.cpp
  Emitter.cpp
c:\users\fiercy\desktop\evoark\graphics\particles\emitter.cpp(118): warning C4244: 'argument' : conversion from 'float' to 'unsigned char', possible loss of data
c:\users\fiercy\desktop\evoark\graphics\particles\emitter.cpp(174): warning C4244: 'initializing' : conversion from 'double' to 'float', possible loss of data
c:\users\fiercy\desktop\evoark\graphics\particles\emitter.cpp(181): warning C4244: '=' : conversion from 'double' to 'float', possible loss of data
Link:
  C:\Program Files (x86)\Microsoft Visual Studio 12.0\VC\bin\link.exe /ERRORREPORT:PROMPT /OUT:"C:\Users\Fiercy\Desktop\evoark\Debug\EvoArk.exe" /INCREMENTAL /NOLOGO kernel32.lib user32.lib gdi32.lib winspool.lib comdlg32.lib advapi32.lib shell32.lib ole32.lib oleaut32.lib uuid.lib odbc32.lib odbccp32.lib /MANIFEST /MANIFESTUAC:"level='asInvoker' uiAccess='false'" /manifest:embed /DEBUG /PDB:"C:\Users\Fiercy\Desktop\evoark\Debug\EvoArk.pdb" /SUBSYSTEM:WINDOWS /TLBID:1 /DYNAMICBASE /NXCOMPAT /IMPLIB:"C:\Users\Fiercy\Desktop\evoark\Debug\EvoArk.lib" /MACHINE:X86 Debug\EvoArk.res
  Debug\Entity.obj
  Debug\EntityManager.obj
  Debug\IEntity.obj
  Debug\Leader.obj
  Debug\Engine.obj
  Debug\LaserModule.obj
  Debug\MissileModule.obj
  Debug\Module.obj
  Debug\PushModule.obj
  Debug\ShieldModule.obj
  Debug\TurretModule.obj
  Debug\WarpModule.obj
  Debug\WellModule.obj
  Debug\GravityProjectile.obj
  Debug\Missile.obj
  Debug\Projectile.obj
  Debug\Push.obj
  Debug\Well.obj
  Debug\Cobra.obj
  Debug\Copperhead.obj
  Debug\Coral.obj
  Debug\Enemy.obj
  Debug\EnemyLeader.obj
  Debug\Mamba.obj
  Debug\Moccasin.obj
  Debug\Human.obj
  Debug\Player.obj
  Debug\Ship.obj
  Debug\CustomEvent.obj
  Debug\EventManager.obj
  Debug\CreditsState.obj
  Debug\Game.obj
  Debug\GameState.obj
  Debug\IGameState.obj
  Debug\FinalLevelState.obj
  Debug\ILevelState.obj
  Debug\MainLevelState.obj
  Debug\TutorialState.obj
  Debug\MainMenuState.obj
  Debug\OptionsState.obj
  Debug\PauseState.obj
  Debug\SaveSelectState.obj
  Debug\UpgradeState.obj
  Debug\Emitter.obj
  Debug\Flyweight.obj
  Debug\Particle.obj
  Debug\ParticleSystem.obj
  Debug\Message.obj
  Debug\MessageManager.obj
  Debug\SGD_AudioManager.obj
  Debug\SGD_Geometry.obj
  Debug\SGD_GraphicsManager.obj
  Debug\SGD_InputManager.obj
  Debug\tinystr.obj
  Debug\tinyxml.obj
  Debug\tinyxmlerror.obj
  Debug\tinyxmlparser.obj
  Debug\WinMain.obj
  EvoArk.vcxproj -> C:\Users\Fiercy\Desktop\evoark\Debug\EvoArk.exe
Done Building Project "C:\Users\Fiercy\Desktop\evoark\EvoArk.vcxproj" (Build target(s)).

Build succeeded.

Time Elapsed 00:00:02.41
